<?xml version="1.0" encoding="UTF-8"?>
<testng-results ignored="0" total="3" passed="2" failed="1" skipped="0">
  <reporter-output>
  </reporter-output>
  <suite started-at="2021-08-15T11:28:52 IST" name="Suite" finished-at="2021-08-15T11:29:35 IST" duration-ms="43427">
    <groups>
    </groups>
    <test started-at="2021-08-15T11:28:52 IST" name="Test" finished-at="2021-08-15T11:29:13 IST" duration-ms="21689">
      <class name="E2E.Frame.Testone">
        <test-method signature="Testrun(java.lang.String,java.lang.String)[pri:0, instance:E2E.Frame.Testone@2f67b837]" started-at="2021-08-15T11:28:52 IST" name="Testrun" data-provider="getData" finished-at="2021-08-15T11:29:13 IST" duration-ms="21363" status="PASS">
          <params>
            <param index="0">
              <value>
                <![CDATA[op]]>
              </value>
            </param>
            <param index="1">
              <value>
                <![CDATA[df]]>
              </value>
            </param>
          </params>
          <reporter-output>
          </reporter-output>
        </test-method> <!-- Testrun -->
      </class> <!-- E2E.Frame.Testone -->
    </test> <!-- Test -->
    <test started-at="2021-08-15T11:29:17 IST" name="Test2" finished-at="2021-08-15T11:29:35 IST" duration-ms="17838">
      <class name="E2E.Frame.Testtwo">
        <test-method is-config="true" signature="getobj()[pri:0, instance:E2E.Frame.Testtwo@3d526ad9]" started-at="2021-08-15T11:29:17 IST" name="getobj" finished-at="2021-08-15T11:29:17 IST" duration-ms="34" status="PASS">
          <reporter-output>
          </reporter-output>
        </test-method> <!-- getobj -->
        <test-method signature="clickCategory()[pri:0, instance:E2E.Frame.Testtwo@3d526ad9]" started-at="2021-08-15T11:29:17 IST" name="clickCategory" finished-at="2021-08-15T11:29:27 IST" duration-ms="10167" status="FAIL">
          <exception class="org.openqa.selenium.NoSuchElementException">
            <message>
              <![CDATA[no such element: Unable to locate element: {"method":"xpath","selector":"//a[text()='Category 10']"}
  (Session info: chrome=92.0.4515.131)
For documentation on this error, please visit: https://selenium.dev/exceptions/#no_such_element
Build info: version: '4.0.0-alpha-7', revision: 'de8579b6d5'
System info: host: 'LAPTOP-J6JSJEKO', ip: '192.168.29.219', os.name: 'Windows 10', os.arch: 'amd64', os.version: '10.0', java.version: '11.0.10'
Driver info: org.openqa.selenium.chrome.ChromeDriver
Capabilities {acceptInsecureCerts: false, browserName: chrome, browserVersion: 92.0.4515.131, chrome: {chromedriverVersion: 92.0.4515.43 (8c61b7e2989f2..., userDataDir: C:\Users\Punam\AppData\Loca...}, goog:chromeOptions: {debuggerAddress: localhost:55441}, javascriptEnabled: true, networkConnectionEnabled: false, pageLoadStrategy: normal, platform: WINDOWS, platformName: WINDOWS, proxy: Proxy(), setWindowRect: true, strictFileInteractability: false, timeouts: {implicit: 0, pageLoad: 300000, script: 30000}, unhandledPromptBehavior: dismiss and notify, webauthn:extension:credBlob: true, webauthn:extension:largeBlob: true, webauthn:virtualAuthenticators: true}
Session ID: 370870b0077319c6da4061a945efe669
*** Element info: {Using=xpath, value=//a[text()='Category 10']}]]>
            </message>
            <full-stacktrace>
              <![CDATA[org.openqa.selenium.NoSuchElementException: no such element: Unable to locate element: {"method":"xpath","selector":"//a[text()='Category 10']"}
  (Session info: chrome=92.0.4515.131)
For documentation on this error, please visit: https://selenium.dev/exceptions/#no_such_element
Build info: version: '4.0.0-alpha-7', revision: 'de8579b6d5'
System info: host: 'LAPTOP-J6JSJEKO', ip: '192.168.29.219', os.name: 'Windows 10', os.arch: 'amd64', os.version: '10.0', java.version: '11.0.10'
Driver info: org.openqa.selenium.chrome.ChromeDriver
Capabilities {acceptInsecureCerts: false, browserName: chrome, browserVersion: 92.0.4515.131, chrome: {chromedriverVersion: 92.0.4515.43 (8c61b7e2989f2..., userDataDir: C:\Users\Punam\AppData\Loca...}, goog:chromeOptions: {debuggerAddress: localhost:55441}, javascriptEnabled: true, networkConnectionEnabled: false, pageLoadStrategy: normal, platform: WINDOWS, platformName: WINDOWS, proxy: Proxy(), setWindowRect: true, strictFileInteractability: false, timeouts: {implicit: 0, pageLoad: 300000, script: 30000}, unhandledPromptBehavior: dismiss and notify, webauthn:extension:credBlob: true, webauthn:extension:largeBlob: true, webauthn:virtualAuthenticators: true}
Session ID: 370870b0077319c6da4061a945efe669
*** Element info: {Using=xpath, value=//a[text()='Category 10']}
at java.base/jdk.internal.reflect.NativeConstructorAccessorImpl.newInstance0(Native Method)
at java.base/jdk.internal.reflect.NativeConstructorAccessorImpl.newInstance(NativeConstructorAccessorImpl.java:62)
at java.base/jdk.internal.reflect.DelegatingConstructorAccessorImpl.newInstance(DelegatingConstructorAccessorImpl.java:45)
at java.base/java.lang.reflect.Constructor.newInstance(Constructor.java:490)
at org.openqa.selenium.remote.codec.w3c.W3CHttpResponseCodec.createException(W3CHttpResponseCodec.java:196)
at org.openqa.selenium.remote.codec.w3c.W3CHttpResponseCodec.decode(W3CHttpResponseCodec.java:129)
at org.openqa.selenium.remote.codec.w3c.W3CHttpResponseCodec.decode(W3CHttpResponseCodec.java:53)
at org.openqa.selenium.remote.HttpCommandExecutor.execute(HttpCommandExecutor.java:167)
at org.openqa.selenium.remote.service.DriverCommandExecutor.execute(DriverCommandExecutor.java:123)
at org.openqa.selenium.remote.RemoteWebDriver.execute(RemoteWebDriver.java:501)
at org.openqa.selenium.remote.RemoteWebDriver.findElement(RemoteWebDriver.java:332)
at org.openqa.selenium.By$ByXPath.findElement(By.java:379)
at org.openqa.selenium.remote.RemoteWebDriver.findElement(RemoteWebDriver.java:312)
at E2E.Frame.Pages.BrandPage.clickcategory(BrandPage.java:51)
at E2E.Frame.Testtwo.clickCategory(Testtwo.java:56)
at java.base/jdk.internal.reflect.NativeMethodAccessorImpl.invoke0(Native Method)
at java.base/jdk.internal.reflect.NativeMethodAccessorImpl.invoke(NativeMethodAccessorImpl.java:62)
at java.base/jdk.internal.reflect.DelegatingMethodAccessorImpl.invoke(DelegatingMethodAccessorImpl.java:43)
at java.base/java.lang.reflect.Method.invoke(Method.java:566)
at org.testng.internal.MethodInvocationHelper.invokeMethod(MethodInvocationHelper.java:133)
at org.testng.internal.TestInvoker.invokeMethod(TestInvoker.java:598)
at org.testng.internal.TestInvoker.invokeTestMethod(TestInvoker.java:173)
at org.testng.internal.MethodRunner.runInSequence(MethodRunner.java:46)
at org.testng.internal.TestInvoker$MethodInvocationAgent.invoke(TestInvoker.java:824)
at org.testng.internal.TestInvoker.invokeTestMethods(TestInvoker.java:146)
at org.testng.internal.TestMethodWorker.invokeTestMethods(TestMethodWorker.java:146)
at org.testng.internal.TestMethodWorker.run(TestMethodWorker.java:128)
at java.base/java.util.ArrayList.forEach(ArrayList.java:1541)
at org.testng.TestRunner.privateRun(TestRunner.java:794)
at org.testng.TestRunner.run(TestRunner.java:596)
at org.testng.SuiteRunner.runTest(SuiteRunner.java:377)
at org.testng.SuiteRunner.runSequentially(SuiteRunner.java:371)
at org.testng.SuiteRunner.privateRun(SuiteRunner.java:332)
at org.testng.SuiteRunner.run(SuiteRunner.java:276)
at org.testng.SuiteRunnerWorker.runSuite(SuiteRunnerWorker.java:53)
at org.testng.SuiteRunnerWorker.run(SuiteRunnerWorker.java:96)
at org.testng.TestNG.runSuitesSequentially(TestNG.java:1212)
at org.testng.TestNG.runSuitesLocally(TestNG.java:1134)
at org.testng.TestNG.runSuites(TestNG.java:1063)
at org.testng.TestNG.run(TestNG.java:1031)
at org.testng.remote.AbstractRemoteTestNG.run(AbstractRemoteTestNG.java:115)
at org.testng.remote.RemoteTestNG.initAndRun(RemoteTestNG.java:251)
at org.testng.remote.RemoteTestNG.main(RemoteTestNG.java:77)
]]>
            </full-stacktrace>
          </exception> <!-- org.openqa.selenium.NoSuchElementException -->
          <reporter-output>
          </reporter-output>
        </test-method> <!-- clickCategory -->
        <test-method is-config="true" signature="getSS(org.testng.ITestResult)[pri:0, instance:E2E.Frame.Testtwo@3d526ad9]" started-at="2021-08-15T11:29:27 IST" name="getSS" finished-at="2021-08-15T11:29:29 IST" duration-ms="1481" status="PASS">
          <params>
            <param index="0">
              <value>
                <![CDATA[[TestResult name=clickCategory status=FAILURE method=Testtwo.clickCategory()[pri:0, instance:E2E.Frame.Testtwo@3d526ad9] output={null}]]]>
              </value>
            </param>
          </params>
          <reporter-output>
          </reporter-output>
        </test-method> <!-- getSS -->
        <test-method signature="clickbrandname()[pri:0, instance:E2E.Frame.Testtwo@3d526ad9]" started-at="2021-08-15T11:29:29 IST" name="clickbrandname" finished-at="2021-08-15T11:29:35 IST" duration-ms="6081" status="PASS">
          <reporter-output>
          </reporter-output>
        </test-method> <!-- clickbrandname -->
        <test-method is-config="true" signature="getobj()[pri:0, instance:E2E.Frame.Testtwo@3d526ad9]" started-at="2021-08-15T11:29:29 IST" name="getobj" finished-at="2021-08-15T11:29:29 IST" duration-ms="0" status="PASS">
          <reporter-output>
          </reporter-output>
        </test-method> <!-- getobj -->
        <test-method is-config="true" signature="getSS(org.testng.ITestResult)[pri:0, instance:E2E.Frame.Testtwo@3d526ad9]" started-at="2021-08-15T11:29:35 IST" name="getSS" finished-at="2021-08-15T11:29:35 IST" duration-ms="1" status="PASS">
          <params>
            <param index="0">
              <value>
                <![CDATA[[TestResult name=clickbrandname status=SUCCESS method=Testtwo.clickbrandname()[pri:0, instance:E2E.Frame.Testtwo@3d526ad9] output={null}]]]>
              </value>
            </param>
          </params>
          <reporter-output>
          </reporter-output>
        </test-method> <!-- getSS -->
      </class> <!-- E2E.Frame.Testtwo -->
      <class name="E2E.Frame.Testone">
        <test-method is-config="true" signature="load()[pri:0, instance:E2E.Frame.Testone@2f67b837]" started-at="2021-08-15T11:28:09 IST" name="load" finished-at="2021-08-15T11:28:52 IST" duration-ms="42374" status="PASS">
          <reporter-output>
          </reporter-output>
        </test-method> <!-- load -->
        <test-method is-config="true" signature="teardown()[pri:0, instance:E2E.Frame.Testone@2f67b837]" started-at="2021-08-15T11:29:35 IST" name="teardown" finished-at="2021-08-15T11:29:42 IST" duration-ms="6503" status="PASS">
          <reporter-output>
          </reporter-output>
        </test-method> <!-- teardown -->
      </class> <!-- E2E.Frame.Testone -->
    </test> <!-- Test2 -->
  </suite> <!-- Suite -->
</testng-results>
